INFO:train_dqn_vecnorm:Creando 8 entornos paralelos...
INFO:train_dqn_vecnorm:Activando wrapper de reparacion de acciones invalidas durante TRAINING...
INFO:train_dqn_vecnorm:Activando wrapper de recompensa REAL por episodio (antes de VecNormalize)...
INFO:train_dqn_vecnorm:Aplicando VecNormalize (obs y reward normalizados)...
INFO:train_dqn_vecnorm:Entrenando DQN Fase 1 por 400000 timesteps...
Argumentos de entrenamiento DQN:
  timesteps: 400000
  timesteps2: 400000
  timesteps3: 300000
  n_envs: 8
  seed: 42
  lr: 0.0001
  buffer_size: 1000000
  learning_starts: 10000
  batch_size: 64
  gamma: 0.99
  n_steps: 3
  train_freq: 1
  gradient_steps: 2
  target_update_interval: 30000
  exploration_fraction: 0.3
  exploration_initial_eps: 1.0
  exploration_final_eps: 0.05
  repair_actions_training: True
  eval_episodes: 50
  best_dir: best/dqn_variants/dqn_target_slow_grad_more/seed_42/best
  plot_ma_long: 200
Using cpu device
----------------------------------
| rollout/            |          |
|    ep_len_mean      | 33.5     |
|    ep_rew_mean      | 69       |
|    exploration_rate | 0.998    |
| time/               |          |
|    episodes         | 4        |
|    fps              | 3466     |
|    time_elapsed     | 0        |
|    total_timesteps  | 272      |
----------------------------------
----------------------------------
| rollout/            |          |
|    ep_len_mean      | 35.6     |
|    ep_rew_mean      | 145      |
|    exploration_rate | 0.05     |
| time/               |          |
|    episodes         | 8452     |
|    fps              | 330      |
|    time_elapsed     | 909      |
|    total_timesteps  | 300000   |
| train/              |          |
|    learning_rate    | 0.0001   |
|    loss             | 0.0228   |
|    n_updates        | 149996   |
----------------------------------
INFO:train_dqn_vecnorm:Modelo guardado en best/dqn_variants/dqn_target_slow_grad_more/seed_42/best/dqn_yahtzee_vecnorm_model y estadisticas de normalizacion en best/dqn_variants/dqn_target_slow_grad_more/seed_42/best/dqn_yahtzee_vecnorm_stats.pkl
INFO:final_evaluate_rl:Autodeteccion: modelo=best/dqn_variants/dqn_target_slow_grad_more/seed_42/best/dqn_yahtzee_vecnorm_model, stats=best/dqn_variants/dqn_target_slow_grad_more/seed_42/best/dqn_yahtzee_vecnorm_stats.pkl, algo=dqn
INFO:final_evaluate_rl:Cargando modelo: best/dqn_variants/dqn_target_slow_grad_more/seed_42/best/dqn_yahtzee_vecnorm_model
INFO:final_evaluate_rl:Algo detectado/forzado: dqn
INFO:final_evaluate_rl:Evaluando el modelo con recompensas SIN normalizar(evaluacion segura)...
INFO:final_evaluate_rl:Episode 1: Recompensa del episodio: 106.2355003063567, Puntuacion final: 108.0
INFO:final_evaluate_rl:Episode 2: Recompensa del episodio: 149.9305007229559, Puntuacion final: 152.0
INFO:final_evaluate_rl:Episode 3: Recompensa del episodio: 150.91000224556774, Puntuacion final: 153.0
INFO:final_evaluate_rl:Episode 4: Recompensa del episodio: 100.76149995229207, Puntuacion final: 103.0
INFO:final_evaluate_rl:Episode 5: Recompensa del episodio: 119.97350086370716, Puntuacion final: 122.0
INFO:final_evaluate_rl:Episode 6: Recompensa del episodio: 101.86199923884124, Puntuacion final: 105.0
INFO:final_evaluate_rl:Episode 7: Recompensa del episodio: 181.84200183663052, Puntuacion final: 186.0
INFO:final_evaluate_rl:Episode 8: Recompensa del episodio: 178.85550125595182, Puntuacion final: 183.0
INFO:final_evaluate_rl:Episode 9: Recompensa del episodio: 192.8270001038909, Puntuacion final: 196.0
INFO:final_evaluate_rl:Episode 10: Recompensa del episodio: 137.53700068313628, Puntuacion final: 140.0
INFO:final_evaluate_rl:Episode 11: Recompensa del episodio: 151.8785012071603, Puntuacion final: 155.0
INFO:final_evaluate_rl:Episode 12: Recompensa del episodio: 153.02799807535484, Puntuacion final: 155.0
INFO:final_evaluate_rl:Episode 13: Recompensa del episodio: 109.68100082944147, Puntuacion final: 111.0
INFO:final_evaluate_rl:Episode 14: Recompensa del episodio: 154.1189989335835, Puntuacion final: 156.0
INFO:final_evaluate_rl:Episode 15: Recompensa del episodio: 150.45750193996355, Puntuacion final: 152.0
INFO:final_evaluate_rl:Episode 16: Recompensa del episodio: 133.1549998142291, Puntuacion final: 135.0
INFO:final_evaluate_rl:Episode 17: Recompensa del episodio: 162.82850164803676, Puntuacion final: 165.0
INFO:final_evaluate_rl:Episode 18: Recompensa del episodio: 199.8139994313242, Puntuacion final: 202.0
INFO:final_evaluate_rl:Episode 19: Recompensa del episodio: 148.85550038143992, Puntuacion final: 151.0
INFO:final_evaluate_rl:Episode 20: Recompensa del episodio: 180.10099912062287, Puntuacion final: 182.0
INFO:final_evaluate_rl:Episode 21: Recompensa del episodio: 179.06650164816529, Puntuacion final: 181.0
INFO:final_evaluate_rl:Episode 22: Recompensa del episodio: 126.79999966640025, Puntuacion final: 130.0
INFO:final_evaluate_rl:Episode 23: Recompensa del episodio: 109.73500048764981, Puntuacion final: 112.0
INFO:final_evaluate_rl:Episode 24: Recompensa del episodio: 162.02249982615467, Puntuacion final: 164.0
INFO:final_evaluate_rl:Episode 25: Recompensa del episodio: 115.86299941083416, Puntuacion final: 118.0
INFO:final_evaluate_rl:Episode 26: Recompensa del episodio: 176.31850140239112, Puntuacion final: 179.0
INFO:final_evaluate_rl:Episode 27: Recompensa del episodio: 195.83450037881266, Puntuacion final: 199.0
INFO:final_evaluate_rl:Episode 28: Recompensa del episodio: 172.3124999315478, Puntuacion final: 174.0
INFO:final_evaluate_rl:Episode 29: Recompensa del episodio: 171.62449935782934, Puntuacion final: 173.0
INFO:final_evaluate_rl:Episode 30: Recompensa del episodio: 112.03800043137744, Puntuacion final: 114.0
INFO:final_evaluate_rl:Episode 31: Recompensa del episodio: 176.50350058544427, Puntuacion final: 178.0
INFO:final_evaluate_rl:Episode 32: Recompensa del episodio: 186.8150001289323, Puntuacion final: 190.0
INFO:final_evaluate_rl:Episode 33: Recompensa del episodio: 135.73050114163198, Puntuacion final: 138.0
INFO:final_evaluate_rl:Episode 34: Recompensa del episodio: 99.93099919852102, Puntuacion final: 102.0
INFO:final_evaluate_rl:Episode 35: Recompensa del episodio: 191.42349840386305, Puntuacion final: 194.0
INFO:final_evaluate_rl:Episode 36: Recompensa del episodio: 107.88250050519127, Puntuacion final: 110.0
INFO:final_evaluate_rl:Episode 37: Recompensa del episodio: 131.8674999999348, Puntuacion final: 135.0
INFO:final_evaluate_rl:Episode 38: Recompensa del episodio: 132.83050266338978, Puntuacion final: 135.0
INFO:final_evaluate_rl:Episode 39: Recompensa del episodio: 148.6375010170159, Puntuacion final: 150.0
INFO:final_evaluate_rl:Episode 40: Recompensa del episodio: 172.80700350995176, Puntuacion final: 176.0
INFO:final_evaluate_rl:Episode 41: Recompensa del episodio: 152.643000920536, Puntuacion final: 155.0
INFO:final_evaluate_rl:Episode 42: Recompensa del episodio: 110.75299928942695, Puntuacion final: 113.0
INFO:final_evaluate_rl:Episode 43: Recompensa del episodio: 149.87850081652869, Puntuacion final: 154.0
INFO:final_evaluate_rl:Episode 44: Recompensa del episodio: 76.06599986419315, Puntuacion final: 78.0
INFO:final_evaluate_rl:Episode 45: Recompensa del episodio: 161.85199925396591, Puntuacion final: 166.0
INFO:final_evaluate_rl:Episode 46: Recompensa del episodio: 98.490998796653, Puntuacion final: 100.0
INFO:final_evaluate_rl:Episode 47: Recompensa del episodio: 161.81849972577766, Puntuacion final: 165.0
INFO:final_evaluate_rl:Episode 48: Recompensa del episodio: 143.88649957277812, Puntuacion final: 147.0
INFO:final_evaluate_rl:Episode 49: Recompensa del episodio: 133.81649874104187, Puntuacion final: 137.0
INFO:final_evaluate_rl:Episode 50: Recompensa del episodio: 124.85449815588072, Puntuacion final: 127.0
INFO:final_evaluate_rl:Metricas guardadas en dqn_vecnorm_final_evaluation_metrics.txt
Grafica guardada en best/dqn_variants/dqn_target_slow_grad_more/seed_42/best/dqn_vecnorm_reward_evolution.png

Resumen:
  Recompensa media (sin normalizar): 145.6951
  Puntuacion final promedio:        148.1200
