INFO:train_dqn_vecnorm:Creando 8 entornos paralelos...
INFO:train_dqn_vecnorm:Activando wrapper de reparacion de acciones invalidas durante TRAINING...
INFO:train_dqn_vecnorm:Activando wrapper de recompensa REAL por episodio (antes de VecNormalize)...
INFO:train_dqn_vecnorm:Aplicando VecNormalize (obs y reward normalizados)...
INFO:train_dqn_vecnorm:Entrenando DQN Fase 1 por 400000 timesteps...
Argumentos de entrenamiento DQN:
  timesteps: 400000
  timesteps2: 400000
  timesteps3: 300000
  n_envs: 8
  seed: 42
  lr: 0.0001
  buffer_size: 1000000
  learning_starts: 10000
  batch_size: 64
  gamma: 0.99
  n_steps: 3
  train_freq: 1
  gradient_steps: 1
  target_update_interval: 10000
  exploration_fraction: 0.3
  exploration_initial_eps: 1.0
  exploration_final_eps: 0.05
  repair_actions_training: True
  eval_episodes: 50
  best_dir: best/dqn_variants/dqn_baseline/seed_42/best
  plot_ma_long: 200
Using cpu device
----------------------------------
| rollout/            |          |
|    ep_len_mean      | 33.5     |
|    ep_rew_mean      | 69       |
|    exploration_rate | 0.998    |
| time/               |          |
|    episodes         | 4        |
|    fps              | 3211     |
|    time_elapsed     | 0        |
|    total_timesteps  | 272      |
----------------------------------
| rollout/            |          |
|    ep_len_mean      | 35.8     |
|    ep_rew_mean      | 145      |
|    exploration_rate | 0.05     |
| time/               |          |
|    episodes         | 8324     |
|    fps              | 457      |
|    time_elapsed     | 656      |
|    total_timesteps  | 299992   |
| train/              |          |
|    learning_rate    | 0.0001   |
|    loss             | 0.017    |
|    n_updates        | 74996    |
----------------------------------
INFO:train_dqn_vecnorm:Modelo guardado en best/dqn_variants/dqn_baseline/seed_42/best/dqn_yahtzee_vecnorm_model y estadisticas de normalizacion en best/dqn_variants/dqn_baseline/seed_42/best/dqn_yahtzee_vecnorm_stats.pkl
INFO:final_evaluate_rl:Autodeteccion: modelo=best/dqn_variants/dqn_baseline/seed_42/best/dqn_yahtzee_vecnorm_model, stats=best/dqn_variants/dqn_baseline/seed_42/best/dqn_yahtzee_vecnorm_stats.pkl, algo=dqn
INFO:final_evaluate_rl:Cargando modelo: best/dqn_variants/dqn_baseline/seed_42/best/dqn_yahtzee_vecnorm_model
INFO:final_evaluate_rl:Algo detectado/forzado: dqn
INFO:final_evaluate_rl:Evaluando el modelo con recompensas SIN normalizar(evaluacion segura)...
INFO:final_evaluate_rl:Episode 1: Recompensa del episodio: 161.23650132492185, Puntuacion final: 163.0
INFO:final_evaluate_rl:Episode 2: Recompensa del episodio: 138.8430003102403, Puntuacion final: 142.0
INFO:final_evaluate_rl:Episode 3: Recompensa del episodio: 194.9900008275872, Puntuacion final: 197.0
INFO:final_evaluate_rl:Episode 4: Recompensa del episodio: 102.26549934619106, Puntuacion final: 104.0
INFO:final_evaluate_rl:Episode 5: Recompensa del episodio: 147.3310007348773, Puntuacion final: 150.0
INFO:final_evaluate_rl:Episode 6: Recompensa del episodio: 169.79750133946072, Puntuacion final: 172.0
INFO:final_evaluate_rl:Episode 7: Recompensa del episodio: 162.33150280604605, Puntuacion final: 164.0
INFO:final_evaluate_rl:Episode 8: Recompensa del episodio: 159.32099796581315, Puntuacion final: 161.0
INFO:final_evaluate_rl:Episode 9: Recompensa del episodio: 135.76399950869381, Puntuacion final: 137.0
INFO:final_evaluate_rl:Episode 10: Recompensa del episodio: 120.92600012710318, Puntuacion final: 123.0
INFO:final_evaluate_rl:Episode 11: Recompensa del episodio: 178.19200083054602, Puntuacion final: 180.0
INFO:final_evaluate_rl:Episode 12: Recompensa del episodio: 159.32300179451704, Puntuacion final: 162.0
INFO:final_evaluate_rl:Episode 13: Recompensa del episodio: 171.14549945615, Puntuacion final: 173.0
INFO:final_evaluate_rl:Episode 14: Recompensa del episodio: 110.17149791563861, Puntuacion final: 112.0
INFO:final_evaluate_rl:Episode 15: Recompensa del episodio: 144.82849867129698, Puntuacion final: 148.0
INFO:final_evaluate_rl:Episode 16: Recompensa del episodio: 165.53900083061308, Puntuacion final: 168.0
INFO:final_evaluate_rl:Episode 17: Recompensa del episodio: 147.34399935929105, Puntuacion final: 149.0
INFO:final_evaluate_rl:Episode 18: Recompensa del episodio: 158.56550217577023, Puntuacion final: 161.0
INFO:final_evaluate_rl:Episode 19: Recompensa del episodio: 160.6059985270258, Puntuacion final: 162.0
INFO:final_evaluate_rl:Episode 20: Recompensa del episodio: 131.8640004149638, Puntuacion final: 135.0
INFO:final_evaluate_rl:Episode 21: Recompensa del episodio: 177.8295016667107, Puntuacion final: 181.0
INFO:final_evaluate_rl:Episode 22: Recompensa del episodio: 145.2294997985009, Puntuacion final: 147.0
INFO:final_evaluate_rl:Episode 23: Recompensa del episodio: 140.73449958802667, Puntuacion final: 142.0
INFO:final_evaluate_rl:Episode 24: Recompensa del episodio: 137.73900030041113, Puntuacion final: 140.0
INFO:final_evaluate_rl:Episode 25: Recompensa del episodio: 122.96349955897313, Puntuacion final: 125.0
INFO:final_evaluate_rl:Episode 26: Recompensa del episodio: 107.93350108328741, Puntuacion final: 110.0
INFO:final_evaluate_rl:Episode 27: Recompensa del episodio: 147.3289984583389, Puntuacion final: 149.0
INFO:final_evaluate_rl:Episode 28: Recompensa del episodio: 156.9510006775381, Puntuacion final: 159.0
INFO:final_evaluate_rl:Episode 29: Recompensa del episodio: 154.3399985341821, Puntuacion final: 156.0
INFO:final_evaluate_rl:Episode 30: Recompensa del episodio: 125.35699951881543, Puntuacion final: 127.0
INFO:final_evaluate_rl:Episode 31: Recompensa del episodio: 173.83200081216637, Puntuacion final: 178.0
INFO:final_evaluate_rl:Episode 32: Recompensa del episodio: 131.55050114827463, Puntuacion final: 134.0
INFO:final_evaluate_rl:Episode 33: Recompensa del episodio: 129.33949948026566, Puntuacion final: 131.0
INFO:final_evaluate_rl:Episode 34: Recompensa del episodio: 150.85599890747108, Puntuacion final: 153.0
INFO:final_evaluate_rl:Episode 35: Recompensa del episodio: 174.81899970967788, Puntuacion final: 178.0
INFO:final_evaluate_rl:Episode 36: Recompensa del episodio: 161.8330006157048, Puntuacion final: 164.0
INFO:final_evaluate_rl:Episode 37: Recompensa del episodio: 177.36300100124208, Puntuacion final: 179.0
INFO:final_evaluate_rl:Episode 38: Recompensa del episodio: 169.09649936831556, Puntuacion final: 171.0
INFO:final_evaluate_rl:Episode 39: Recompensa del episodio: 170.85250046267174, Puntuacion final: 174.0
INFO:final_evaluate_rl:Episode 40: Recompensa del episodio: 168.0570012764074, Puntuacion final: 170.0
INFO:final_evaluate_rl:Episode 41: Recompensa del episodio: 109.15149958030088, Puntuacion final: 111.0
INFO:final_evaluate_rl:Episode 42: Recompensa del episodio: 150.5689980557654, Puntuacion final: 153.0
INFO:final_evaluate_rl:Episode 43: Recompensa del episodio: 167.44549638603348, Puntuacion final: 169.0
INFO:final_evaluate_rl:Episode 44: Recompensa del episodio: 133.76550102583133, Puntuacion final: 136.0
INFO:final_evaluate_rl:Episode 45: Recompensa del episodio: 146.8354994719848, Puntuacion final: 150.0
INFO:final_evaluate_rl:Episode 46: Recompensa del episodio: 96.45900095696561, Puntuacion final: 99.0
INFO:final_evaluate_rl:Episode 47: Recompensa del episodio: 172.32499847887084, Puntuacion final: 174.0
INFO:final_evaluate_rl:Episode 48: Recompensa del episodio: 138.01300066290423, Puntuacion final: 140.0
INFO:final_evaluate_rl:Episode 49: Recompensa del episodio: 176.00199972325936, Puntuacion final: 177.0
INFO:final_evaluate_rl:Episode 50: Recompensa del episodio: 165.9435005640844, Puntuacion final: 168.0
INFO:final_evaluate_rl:Metricas guardadas en dqn_vecnorm_final_evaluation_metrics.txt
Grafica guardada en best/dqn_variants/dqn_baseline/seed_42/best/dqn_vecnorm_reward_evolution.png

Resumen:
  Recompensa media (sin normalizar): 150.0180
  Puntuacion final promedio:        152.1600
